# JRE version: Java(TM) SE Runtime Environment (8.0_201-b09) (build 1.8.0_201-b09)
# Java VM: Java HotSpot(TM) 64-Bit Server VM (25.201-b09 mixed mode windows-amd64 compressed oops)
Heap:
 PSYoungGen      total 28672K, used 5621K [0x00000000fdf00000, 0x0000000100000000, 0x0000000100000000)
  eden space 23552K, 23% used [0x00000000fdf00000,0x00000000fe47d608,0x00000000ff600000)
  from space 5120K, 0% used [0x00000000ffb00000,0x00000000ffb00000,0x0000000100000000)
  to   space 5120K, 0% used [0x00000000ff600000,0x00000000ff600000,0x00000000ffb00000)
 ParOldGen       total 61440K, used 14063K [0x00000000f9c00000, 0x00000000fd800000, 0x00000000fdf00000)
  object space 61440K, 22% used [0x00000000f9c00000,0x00000000fa9bbe48,0x00000000fd800000)
 Metaspace       used 33306K, capacity 35746K, committed 35968K, reserved 1081344K
  class space    used 4500K, capacity 4921K, committed 4992K, reserved 1048576K
GC Heap History (10 events):
Event: 7.862 GC heap before
{Heap before GC invocations=24 (full 1):
 PSYoungGen      total 27136K, used 22688K [0x00000000fdf00000, 0x0000000100000000, 0x0000000100000000)
  eden space 21504K, 100% used [0x00000000fdf00000,0x00000000ff400000,0x00000000ff400000)
  from space 5632K, 21% used [0x00000000ff980000,0x00000000ffaa8000,0x00000000fff00000)
  to   space 5632K, 0% used [0x00000000ff400000,0x00000000ff400000,0x00000000ff980000)
 ParOldGen       total 42496K, used 12474K [0x00000000f9c00000, 0x00000000fc580000, 0x00000000fdf00000)
  object space 42496K, 29% used [0x00000000f9c00000,0x00000000fa82eb38,0x00000000fc580000)
 Metaspace       used 32032K, capacity 34308K, committed 34432K, reserved 1079296K
  class space    used 4339K, capacity 4722K, committed 4736K, reserved 1048576K
Event: 7.864 GC heap after
Heap after GC invocations=24 (full 1):
 PSYoungGen      total 27136K, used 1088K [0x00000000fdf00000, 0x0000000100000000, 0x0000000100000000)
  eden space 21504K, 0% used [0x00000000fdf00000,0x00000000fdf00000,0x00000000ff400000)
  from space 5632K, 19% used [0x00000000ff400000,0x00000000ff510000,0x00000000ff980000)
  to   space 5632K, 0% used [0x00000000ffa80000,0x00000000ffa80000,0x0000000100000000)
 ParOldGen       total 42496K, used 13346K [0x00000000f9c00000, 0x00000000fc580000, 0x00000000fdf00000)
  object space 42496K, 31% used [0x00000000f9c00000,0x00000000fa908b38,0x00000000fc580000)
 Metaspace       used 32032K, capacity 34308K, committed 34432K, reserved 1079296K
  class space    used 4339K, capacity 4722K, committed 4736K, reserved 1048576K
}
Event: 7.998 GC heap before
{Heap before GC invocations=25 (full 1):
 PSYoungGen      total 27136K, used 22592K [0x00000000fdf00000, 0x0000000100000000, 0x0000000100000000)
  eden space 21504K, 100% used [0x00000000fdf00000,0x00000000ff400000,0x00000000ff400000)
  from space 5632K, 19% used [0x00000000ff400000,0x00000000ff510000,0x00000000ff980000)
  to   space 5632K, 0% used [0x00000000ffa80000,0x00000000ffa80000,0x0000000100000000)
 ParOldGen       total 42496K, used 13346K [0x00000000f9c00000, 0x00000000fc580000, 0x00000000fdf00000)
  object space 42496K, 31% used [0x00000000f9c00000,0x00000000fa908b38,0x00000000fc580000)
 Metaspace       used 32472K, capacity 34820K, committed 35072K, reserved 1079296K
  class space    used 4380K, capacity 4798K, committed 4864K, reserved 1048576K
Event: 8.006 GC heap after
Heap after GC invocations=25 (full 1):
 PSYoungGen      total 27136K, used 995K [0x00000000fdf00000, 0x00000000fff00000, 0x0000000100000000)
  eden space 22528K, 0% used [0x00000000fdf00000,0x00000000fdf00000,0x00000000ff500000)
  from space 4608K, 21% used [0x00000000ffa80000,0x00000000ffb78e90,0x00000000fff00000)
  to   space 5120K, 0% used [0x00000000ff500000,0x00000000ff500000,0x00000000ffa00000)
 ParOldGen       total 42496K, used 14058K [0x00000000f9c00000, 0x00000000fc580000, 0x00000000fdf00000)
  object space 42496K, 33% used [0x00000000f9c00000,0x00000000fa9bab38,0x00000000fc580000)
 Metaspace       used 32472K, capacity 34820K, committed 35072K, reserved 1079296K
  class space    used 4380K, capacity 4798K, committed 4864K, reserved 1048576K
}
Event: 8.151 GC heap before
{Heap before GC invocations=26 (full 1):
 PSYoungGen      total 27136K, used 23523K [0x00000000fdf00000, 0x00000000fff00000, 0x0000000100000000)
  eden space 22528K, 100% used [0x00000000fdf00000,0x00000000ff500000,0x00000000ff500000)
  from space 4608K, 21% used [0x00000000ffa80000,0x00000000ffb78e90,0x00000000fff00000)
  to   space 5120K, 0% used [0x00000000ff500000,0x00000000ff500000,0x00000000ffa00000)
 ParOldGen       total 42496K, used 14058K [0x00000000f9c00000, 0x00000000fc580000, 0x00000000fdf00000)
  object space 42496K, 33% used [0x00000000f9c00000,0x00000000fa9bab38,0x00000000fc580000)
 Metaspace       used 32872K, capacity 35270K, committed 35328K, reserved 1079296K
  class space    used 4433K, capacity 4849K, committed 4864K, reserved 1048576K
Event: 8.156 GC heap after
Heap after GC invocations=26 (full 1):
 PSYoungGen      total 27648K, used 1539K [0x00000000fdf00000, 0x0000000100000000, 0x0000000100000000)
  eden space 22528K, 0% used [0x00000000fdf00000,0x00000000fdf00000,0x00000000ff500000)
  from space 5120K, 30% used [0x00000000ff500000,0x00000000ff680e88,0x00000000ffa00000)
  to   space 5120K, 0% used [0x00000000ffb00000,0x00000000ffb00000,0x0000000100000000)
 ParOldGen       total 42496K, used 14698K [0x00000000f9c00000, 0x00000000fc580000, 0x00000000fdf00000)
  object space 42496K, 34% used [0x00000000f9c00000,0x00000000faa5ab38,0x00000000fc580000)
 Metaspace       used 32872K, capacity 35270K, committed 35328K, reserved 1079296K
  class space    used 4433K, capacity 4849K, committed 4864K, reserved 1048576K
}
Event: 8.198 GC heap before
{Heap before GC invocations=27 (full 1):
 PSYoungGen      total 27648K, used 7835K [0x00000000fdf00000, 0x0000000100000000, 0x0000000100000000)
  eden space 22528K, 27% used [0x00000000fdf00000,0x00000000fe525e50,0x00000000ff500000)
  from space 5120K, 30% used [0x00000000ff500000,0x00000000ff680e88,0x00000000ffa00000)
  to   space 5120K, 0% used [0x00000000ffb00000,0x00000000ffb00000,0x0000000100000000)
 ParOldGen       total 42496K, used 14698K [0x00000000f9c00000, 0x00000000fc580000, 0x00000000fdf00000)
  object space 42496K, 34% used [0x00000000f9c00000,0x00000000faa5ab38,0x00000000fc580000)
 Metaspace       used 33072K, capacity 35400K, committed 35416K, reserved 1079296K
  class space    used 4458K, capacity 4850K, committed 4864K, reserved 1048576K
Event: 8.200 GC heap after
Heap after GC invocations=27 (full 1):
 PSYoungGen      total 28672K, used 360K [0x00000000fdf00000, 0x0000000100000000, 0x0000000100000000)
  eden space 23552K, 0% used [0x00000000fdf00000,0x00000000fdf00000,0x00000000ff600000)
  from space 5120K, 7% used [0x00000000ffb00000,0x00000000ffb5a040,0x0000000100000000)
  to   space 5120K, 0% used [0x00000000ff600000,0x00000000ff600000,0x00000000ffb00000)
 ParOldGen       total 42496K, used 15930K [0x00000000f9c00000, 0x00000000fc580000, 0x00000000fdf00000)
  object space 42496K, 37% used [0x00000000f9c00000,0x00000000fab8eb38,0x00000000fc580000)
 Metaspace       used 33072K, capacity 35400K, committed 35416K, reserved 1079296K
  class space    used 4458K, capacity 4850K, committed 4864K, reserved 1048576K
}
Event: 8.200 GC heap before
{Heap before GC invocations=28 (full 2):
 PSYoungGen      total 28672K, used 360K [0x00000000fdf00000, 0x0000000100000000, 0x0000000100000000)
  eden space 23552K, 0% used [0x00000000fdf00000,0x00000000fdf00000,0x00000000ff600000)
  from space 5120K, 7% used [0x00000000ffb00000,0x00000000ffb5a040,0x0000000100000000)
  to   space 5120K, 0% used [0x00000000ff600000,0x00000000ff600000,0x00000000ffb00000)
 ParOldGen       total 42496K, used 15930K [0x00000000f9c00000, 0x00000000fc580000, 0x00000000fdf00000)
  object space 42496K, 37% used [0x00000000f9c00000,0x00000000fab8eb38,0x00000000fc580000)
 Metaspace       used 33072K, capacity 35400K, committed 35416K, reserved 1079296K
  class space    used 4458K, capacity 4850K, committed 4864K, reserved 1048576K
Event: 8.290 GC heap after
Heap after GC invocations=28 (full 2):
 PSYoungGen      total 28672K, used 0K [0x00000000fdf00000, 0x0000000100000000, 0x0000000100000000)
  eden space 23552K, 0% used [0x00000000fdf00000,0x00000000fdf00000,0x00000000ff600000)
  from space 5120K, 0% used [0x00000000ffb00000,0x00000000ffb00000,0x0000000100000000)
  to   space 5120K, 0% used [0x00000000ff600000,0x00000000ff600000,0x00000000ffb00000)
 ParOldGen       total 61440K, used 14063K [0x00000000f9c00000, 0x00000000fd800000, 0x00000000fdf00000)
  object space 61440K, 22% used [0x00000000f9c00000,0x00000000fa9bbe48,0x00000000fd800000)
 Metaspace       used 33072K, capacity 35400K, committed 35416K, reserved 1079296K
  class space    used 4458K, capacity 4850K, committed 4864K, reserved 1048576K
}

